{
  "stats": {
    "suites": 1,
    "tests": 6,
    "passes": 6,
    "pending": 0,
    "failures": 0,
    "start": "2020-09-02T21:09:09.479Z",
    "end": "2020-09-02T21:16:14.568Z",
    "duration": 425089,
    "testsRegistered": 6,
    "passPercent": 100,
    "pendingPercent": 0,
    "other": 0,
    "hasOther": false,
    "skipped": 0,
    "hasSkipped": false,
    "passPercentClass": "success",
    "pendingPercentClass": "danger"
  },
  "suites": {
    "uuid": "b079c83a-3eeb-458e-aa2a-7a75471da582",
    "title": "",
    "fullFile": "",
    "file": "",
    "beforeHooks": [],
    "afterHooks": [],
    "tests": [],
    "suites": [
      {
        "uuid": "e8b5d530-9ab1-4196-93f9-f554f5f472ee",
        "title": "CC Pay Bubble Acceptance Tests",
        "fullFile": "/Users/krishnakishorenuthalapati/mutation/ccpay-bubble/acceptance-tests/test/end-to-end/tests/CCPB_SearchCaseWithCCD_test.js",
        "file": "/acceptance-tests/test/end-to-end/tests/CCPB_SearchCaseWithCCD_test.js",
        "beforeHooks": [
          {
            "title": "\"before all\" hook: codeceptjs.beforeSuite",
            "fullTitle": "CC Pay Bubble Acceptance Tests \"before all\" hook: codeceptjs.beforeSuite",
            "timedOut": false,
            "duration": 2158,
            "pass": false,
            "fail": false,
            "pending": false,
            "code": "scenario.suiteSetup(suite)",
            "err": {},
            "isRoot": false,
            "uuid": "b41383cf-0dfc-4a8b-b952-9fcc9d54cdca",
            "isHook": true,
            "skipped": false
          },
          {
            "title": "\"before all\" hook: BeforeSuite",
            "fullTitle": "CC Pay Bubble Acceptance Tests \"before all\" hook: BeforeSuite",
            "timedOut": false,
            "duration": 11412,
            "pass": false,
            "fail": false,
            "pending": false,
            "code": "I.amOnPage('/');\nI.wait(CCPBATConstants.twoSecondWaitTime);\nI.resizeWindow(CCPBATConstants.windowsSizeX, CCPBATConstants.windowsSizeY);",
            "err": {},
            "isRoot": false,
            "uuid": "d9b77d3c-0048-4e83-9dd9-be7dec2f96d2",
            "isHook": true,
            "skipped": false
          },
          {
            "title": "\"before each\" hook: codeceptjs.before",
            "fullTitle": "CC Pay Bubble Acceptance Tests \"before each\" hook: codeceptjs.before",
            "timedOut": false,
            "duration": 0,
            "pass": false,
            "fail": false,
            "pending": false,
            "code": "scenario.setup(suite)",
            "err": {},
            "isRoot": false,
            "uuid": "2478d36d-24bd-4b72-bf64-ad234dccac8c",
            "isHook": true,
            "skipped": false
          }
        ],
        "afterHooks": [
          {
            "title": "\"after all\" hook: codeceptjs.afterSuite",
            "fullTitle": "CC Pay Bubble Acceptance Tests \"after all\" hook: codeceptjs.afterSuite",
            "timedOut": false,
            "duration": 0,
            "pass": false,
            "fail": false,
            "pending": false,
            "code": "scenario.suiteTeardown(suite)",
            "err": {},
            "isRoot": false,
            "uuid": "c8b5504d-7012-4c43-aaf6-b5386b4bb21c",
            "isHook": true,
            "skipped": false
          },
          {
            "title": "\"after each\" hook: finalize codeceptjs",
            "fullTitle": "CC Pay Bubble Acceptance Tests \"after each\" hook: finalize codeceptjs",
            "timedOut": false,
            "duration": 0,
            "pass": false,
            "fail": false,
            "pending": false,
            "code": "scenario.teardown(suite)",
            "err": {},
            "isRoot": false,
            "uuid": "bbac02a1-d894-4e19-b041-8dbaa35bd49f",
            "isHook": true,
            "skipped": false
          }
        ],
        "tests": [
          {
            "title": "Search for a case with dummy case number",
            "fullTitle": "CC Pay Bubble Acceptance Tests: Search for a case with dummy case number",
            "timedOut": false,
            "duration": 48145,
            "state": "passed",
            "speed": "slow",
            "pass": true,
            "fail": false,
            "pending": false,
            "code": "I.login('robreallywantsccdaccess@mailinator.com', 'Testing1234');\nI.wait(CCPBATConstants.tenSecondWaitTime);\nI.waitForText('Search for a case', CCPBATConstants.tenSecondWaitTime);\nI.see('Search for a case');\nI.see('Search');\nI.see('Case Transaction');\nI.see('Payment history');\nI.searchForCCDdummydata();\nI.Logout();",
            "err": {},
            "isRoot": false,
            "uuid": "30398c7b-9099-4e46-b898-df137b8c6f79",
            "isHook": false,
            "skipped": false
          },
          {
            "title": "Search for a case with actual case number from CCD",
            "fullTitle": "CC Pay Bubble Acceptance Tests: Search for a case with actual case number from CCD",
            "timedOut": false,
            "duration": 47784,
            "state": "passed",
            "speed": "slow",
            "pass": true,
            "fail": false,
            "pending": false,
            "code": "I.login('robreallywantsccdaccess@mailinator.com', 'Testing1234');\nI.wait(CCPBATConstants.tenSecondWaitTime);\nI.waitForText('Search for a case', CCPBATConstants.tenSecondWaitTime);\nI.see('Search for a case');\nI.see('What do you want to search for?');\nI.see('CCD case reference or exception record');\nI.see('Payment Asset Number (DCN)');\nI.see('Case Transaction');\nI.see('Payment history');\nI.see('Reports');\nI.searchForCorrectCCDNumber();\nI.Logout();",
            "err": {},
            "isRoot": false,
            "uuid": "5cfbe629-b149-421f-8385-e1df36b38341",
            "isHook": false,
            "skipped": false
          },
          {
            "title": "Search for a case with actual case for Telephony flow",
            "fullTitle": "CC Pay Bubble Acceptance Tests: Search for a case with actual case for Telephony flow",
            "timedOut": false,
            "duration": 90858,
            "state": "passed",
            "speed": "slow",
            "pass": true,
            "fail": false,
            "pending": false,
            "code": "I.login('robreallywantsccdaccess@mailinator.com', 'Testing1234');\nI.wait(CCPBATConstants.tenSecondWaitTime);\nI.waitForText('Search for a case', CCPBATConstants.tenSecondWaitTime);\nI.see('Search for a case');\nI.see('Search');\nI.see('Case Transaction');\nI.see('Payment history');\nI.caseforTelephonyFlow();\nI.Logout();",
            "err": {},
            "isRoot": false,
            "uuid": "5a7fbe82-b051-4412-9118-108ab3ee9cee",
            "isHook": false,
            "skipped": false
          },
          {
            "title": "Amount Due case for Telephony flow",
            "fullTitle": "CC Pay Bubble Acceptance Tests: Amount Due case for Telephony flow",
            "timedOut": false,
            "duration": 57348,
            "state": "passed",
            "speed": "slow",
            "pass": true,
            "fail": false,
            "pending": false,
            "code": "I.login('robreallywantsccdaccess@mailinator.com', 'Testing1234');\nI.wait(CCPBATConstants.tenSecondWaitTime);\nI.waitForText('Search for a case', CCPBATConstants.tenSecondWaitTime);\nI.see('Search for a case');\nI.see('Search');\nI.see('Case Transaction');\nI.see('Payment history');\nI.AmountDueCaseForTelephonyFlow();\nI.Logout();",
            "err": {},
            "isRoot": false,
            "uuid": "a647c8e2-9797-4b91-99c1-65096e7eab7c",
            "isHook": false,
            "skipped": false
          },
          {
            "title": "Remove fee from case transaction page Telephony flow",
            "fullTitle": "CC Pay Bubble Acceptance Tests: Remove fee from case transaction page Telephony flow",
            "timedOut": false,
            "duration": 115035,
            "state": "passed",
            "speed": "slow",
            "pass": true,
            "fail": false,
            "pending": false,
            "code": "I.login('robreallywantsccdaccess@mailinator.com', 'Testing1234');\nI.wait(CCPBATConstants.tenSecondWaitTime);\nI.waitForText('Search for a case', CCPBATConstants.tenSecondWaitTime);\nI.see('Search for a case');\nI.see('Search');\nI.see('Case Transaction');\nI.see('Payment history');\nI.removeFeeFromCaseTransactionPageTelephonyFlow();\nI.Logout();",
            "err": {},
            "isRoot": false,
            "uuid": "1d3c3e84-decc-4b48-a169-4edcc1b5b1a4",
            "isHook": false,
            "skipped": false
          },
          {
            "title": "Remission Validation Telephony flow",
            "fullTitle": "CC Pay Bubble Acceptance Tests: Remission Validation Telephony flow",
            "timedOut": false,
            "duration": 52338,
            "state": "passed",
            "speed": "slow",
            "pass": true,
            "fail": false,
            "pending": false,
            "code": "I.login('robreallywantsccdaccess@mailinator.com', 'Testing1234');\nI.wait(CCPBATConstants.tenSecondWaitTime);\nI.waitForText('Search for a case', CCPBATConstants.tenSecondWaitTime);\nI.see('Search for a case');\nI.see('Search');\nI.see('Case Transaction');\nI.see('Payment history');\nI.remissionsAmountValidation();\nI.Logout();",
            "err": {},
            "isRoot": false,
            "uuid": "d3405129-e185-4f17-819d-1b0b5cc1ceee",
            "isHook": false,
            "skipped": false
          }
        ],
        "suites": [],
        "passes": [
          "30398c7b-9099-4e46-b898-df137b8c6f79",
          "5cfbe629-b149-421f-8385-e1df36b38341",
          "5a7fbe82-b051-4412-9118-108ab3ee9cee",
          "a647c8e2-9797-4b91-99c1-65096e7eab7c",
          "1d3c3e84-decc-4b48-a169-4edcc1b5b1a4",
          "d3405129-e185-4f17-819d-1b0b5cc1ceee"
        ],
        "failures": [],
        "pending": [],
        "skipped": [],
        "duration": 411508,
        "root": false,
        "rootEmpty": false,
        "_timeout": 0
      }
    ],
    "passes": [],
    "failures": [],
    "pending": [],
    "skipped": [],
    "duration": 0,
    "root": true,
    "rootEmpty": true,
    "_timeout": 0
  },
  "copyrightYear": 2020
}