{
  "stats": {
    "suites": 1,
    "tests": 2,
    "passes": 2,
    "pending": 0,
    "failures": 0,
    "start": "2020-01-15T11:51:24.693Z",
    "end": "2020-01-15T11:53:06.599Z",
    "duration": 101906,
    "testsRegistered": 2,
    "passPercent": 100,
    "pendingPercent": 0,
    "other": 0,
    "hasOther": false,
    "skipped": 0,
    "hasSkipped": false,
    "passPercentClass": "success",
    "pendingPercentClass": "danger"
  },
  "suites": {
    "uuid": "83bc3768-c9ea-4f57-b0af-8435bd336458",
    "title": "",
    "fullFile": "",
    "file": "",
    "beforeHooks": [],
    "afterHooks": [],
    "tests": [],
    "suites": [
      {
        "uuid": "9413b39c-8273-4b79-ba7c-75b5641ab28f",
        "title": "CC Pay Bubble Acceptance Tests",
        "fullFile": "/Users/krishnakishorenuthalapati/ccpaybubble/ccpay-bubble/acceptance-tests/test/end-to-end/tests/CCPB_SearchCaseWithCCD_test.js",
        "file": "/acceptance-tests/test/end-to-end/tests/CCPB_SearchCaseWithCCD_test.js",
        "beforeHooks": [
          {
            "title": "\"before all\" hook: codeceptjs.beforeSuite",
            "fullTitle": "CC Pay Bubble Acceptance Tests \"before all\" hook: codeceptjs.beforeSuite",
            "timedOut": false,
            "duration": 1355,
            "pass": false,
            "fail": false,
            "pending": false,
            "code": "scenario.suiteSetup(suite)",
            "err": {},
            "isRoot": false,
            "uuid": "e131c8b3-da87-4190-aff4-d2249482a385",
            "isHook": true,
            "skipped": false
          },
          {
            "title": "\"before all\" hook: BeforeSuite",
            "fullTitle": "CC Pay Bubble Acceptance Tests \"before all\" hook: BeforeSuite",
            "timedOut": false,
            "duration": 6797,
            "pass": false,
            "fail": false,
            "pending": false,
            "code": "I.amOnPage('/');\nI.wait(CCPBATConstants.twoSecondWaitTime);\nI.resizeWindow(CCPBATConstants.windowsSizeX, CCPBATConstants.windowsSizeY);",
            "err": {},
            "isRoot": false,
            "uuid": "0ac9058e-8801-453e-a302-f27afd1d8afe",
            "isHook": true,
            "skipped": false
          },
          {
            "title": "\"before each\" hook: codeceptjs.before",
            "fullTitle": "CC Pay Bubble Acceptance Tests \"before each\" hook: codeceptjs.before",
            "timedOut": false,
            "duration": 0,
            "pass": false,
            "fail": false,
            "pending": false,
            "code": "scenario.setup(suite)",
            "err": {},
            "isRoot": false,
            "uuid": "01b7fcb9-2644-487a-818d-ff11ff3c88c5",
            "isHook": true,
            "skipped": false
          }
        ],
        "afterHooks": [
          {
            "title": "\"after all\" hook: codeceptjs.afterSuite",
            "fullTitle": "CC Pay Bubble Acceptance Tests \"after all\" hook: codeceptjs.afterSuite",
            "timedOut": false,
            "duration": 0,
            "pass": false,
            "fail": false,
            "pending": false,
            "code": "scenario.suiteTeardown(suite)",
            "err": {},
            "isRoot": false,
            "uuid": "346581c0-915e-4d70-bd36-bffd45e1330a",
            "isHook": true,
            "skipped": false
          },
          {
            "title": "\"after each\" hook: finalize codeceptjs",
            "fullTitle": "CC Pay Bubble Acceptance Tests \"after each\" hook: finalize codeceptjs",
            "timedOut": false,
            "duration": 0,
            "pass": false,
            "fail": false,
            "pending": false,
            "code": "scenario.teardown(suite)",
            "err": {},
            "isRoot": false,
            "uuid": "187be3d4-2c25-4937-b0b5-cc28116389d4",
            "isHook": true,
            "skipped": false
          }
        ],
        "tests": [
          {
            "title": "Search case with CCD paybubble flow",
            "fullTitle": "CC Pay Bubble Acceptance Tests: Search case with CCD paybubble flow",
            "timedOut": false,
            "duration": 46575,
            "state": "passed",
            "speed": "slow",
            "pass": true,
            "fail": false,
            "pending": false,
            "code": "I.login('robreallywantsccdaccess@mailinator.com', 'Testing1234');\nI.wait(CCPBATConstants.tenSecondWaitTime);\nI.waitForText('Search for a case', CCPBATConstants.tenSecondWaitTime);\nI.see('Search for a case');\nI.see('Search');\nI.see('Case Transaction');\nI.see('Payment history');\nI.searchForCCDdummydata();\nI.Logout1();",
            "err": {},
            "isRoot": false,
            "uuid": "44e3b11f-c21e-48ed-b3e9-b28c7e4af59b",
            "isHook": false,
            "skipped": false
          },
          {
            "title": "Search case with CCD paybubble flow",
            "fullTitle": "CC Pay Bubble Acceptance Tests: Search case with CCD paybubble flow",
            "timedOut": false,
            "duration": 47171,
            "state": "passed",
            "speed": "slow",
            "pass": true,
            "fail": false,
            "pending": false,
            "code": "I.login('robreallywantsccdaccess@mailinator.com', 'Testing1234');\n  I.wait(CCPBATConstants.tenSecondWaitTime);\n  I.waitForText('Search for a case', CCPBATConstants.tenSecondWaitTime);\n  I.see('Search for a case');\n  I.see('Search');\n  I.see('Case Transaction');\n  I.see('Payment history');\n  I.searchForCorrectCCDNumber();\n  I.Logout1();",
            "err": {},
            "isRoot": false,
            "uuid": "6006c396-8418-4f9d-b146-2043285f3bfa",
            "isHook": false,
            "skipped": false
          }
        ],
        "suites": [],
        "passes": [
          "44e3b11f-c21e-48ed-b3e9-b28c7e4af59b",
          "6006c396-8418-4f9d-b146-2043285f3bfa"
        ],
        "failures": [],
        "pending": [],
        "skipped": [],
        "duration": 93746,
        "root": false,
        "rootEmpty": false,
        "_timeout": 0
      }
    ],
    "passes": [],
    "failures": [],
    "pending": [],
    "skipped": [],
    "duration": 0,
    "root": true,
    "rootEmpty": true,
    "_timeout": 0
  },
  "copyrightYear": 2020
}