{
  "stats": {
    "suites": 1,
    "tests": 1,
    "passes": 0,
    "pending": 0,
    "failures": 1,
    "start": "2021-01-18T15:43:24.214Z",
    "end": "2021-01-18T15:45:44.399Z",
    "duration": 140185,
    "testsRegistered": 5,
    "passPercent": 0,
    "pendingPercent": 0,
    "other": 0,
    "hasOther": false,
    "skipped": 4,
    "hasSkipped": true,
    "passPercentClass": "danger",
    "pendingPercentClass": "danger"
  },
  "suites": {
    "uuid": "0a188f2e-a823-4148-abff-10efb2ce75c3",
    "title": "",
    "fullFile": "",
    "file": "",
    "beforeHooks": [],
    "afterHooks": [],
    "tests": [],
    "suites": [
      {
        "uuid": "c62c8cdd-a767-4219-9f81-8ae502601075",
        "title": "CC Pay Bubble Acceptance Tests",
        "fullFile": "/Users/krishnakishorenuthalapati/mutation/ccpay-bubble/acceptance-tests/test/end-to-end/tests/CCPB_SearchCaseWithCCD_test.js",
        "file": "/acceptance-tests/test/end-to-end/tests/CCPB_SearchCaseWithCCD_test.js",
        "beforeHooks": [
          {
            "title": "\"before all\" hook: codeceptjs.beforeSuite",
            "fullTitle": "CC Pay Bubble Acceptance Tests \"before all\" hook: codeceptjs.beforeSuite",
            "timedOut": false,
            "duration": 3976,
            "pass": false,
            "fail": false,
            "pending": false,
            "code": "scenario.suiteSetup(suite)",
            "err": {},
            "isRoot": false,
            "uuid": "bf29ebad-0c4c-470b-84fc-bb87fd12611f",
            "isHook": true,
            "skipped": false
          },
          {
            "title": "\"before all\" hook: BeforeSuite",
            "fullTitle": "CC Pay Bubble Acceptance Tests \"before all\" hook: BeforeSuite",
            "timedOut": false,
            "duration": 9664,
            "pass": false,
            "fail": false,
            "pending": false,
            "code": "I.amOnPage('/');\nI.wait(CCPBATConstants.twoSecondWaitTime);\nI.resizeWindow(CCPBATConstants.windowsSizeX, CCPBATConstants.windowsSizeY);",
            "err": {},
            "isRoot": false,
            "uuid": "ebe62eac-d0d4-4413-8855-46f6ed0429b5",
            "isHook": true,
            "skipped": false
          },
          {
            "title": "\"before each\" hook: codeceptjs.before",
            "fullTitle": "CC Pay Bubble Acceptance Tests \"before each\" hook: codeceptjs.before",
            "timedOut": false,
            "duration": 1,
            "pass": false,
            "fail": false,
            "pending": false,
            "code": "scenario.setup(suite)",
            "err": {},
            "isRoot": false,
            "uuid": "3bca8b62-4feb-468a-babb-b1cfcac30bf6",
            "isHook": true,
            "skipped": false
          }
        ],
        "afterHooks": [
          {
            "title": "\"after all\" hook: codeceptjs.afterSuite",
            "fullTitle": "CC Pay Bubble Acceptance Tests \"after all\" hook: codeceptjs.afterSuite",
            "timedOut": false,
            "duration": 0,
            "pass": false,
            "fail": false,
            "pending": false,
            "code": "scenario.suiteTeardown(suite)",
            "err": {},
            "isRoot": false,
            "uuid": "646e22e2-9ee1-413c-9eb9-11a55b9597d3",
            "isHook": true,
            "skipped": false
          },
          {
            "title": "\"after each\" hook: finalize codeceptjs",
            "fullTitle": "CC Pay Bubble Acceptance Tests \"after each\" hook: finalize codeceptjs",
            "timedOut": false,
            "duration": 0,
            "pass": false,
            "fail": false,
            "pending": false,
            "code": "scenario.teardown(suite)",
            "err": {},
            "isRoot": false,
            "uuid": "22cdfd7b-a96d-421d-96c7-cc8848118223",
            "isHook": true,
            "skipped": false
          }
        ],
        "tests": [
          {
            "title": "Search for a case with dummy case number",
            "fullTitle": "CC Pay Bubble Acceptance Tests: Search for a case with dummy case number",
            "timedOut": false,
            "duration": 126539,
            "state": "failed",
            "pass": false,
            "fail": true,
            "pending": false,
            "context": "\"Search_for_0d5aef19-80af-4203-b829-bbf910ccb135.failed.png\"",
            "code": "I.login('robreallywantsccdaccess@mailinator.com', 'Testing1234');\nI.wait(CCPBATConstants.tenSecondWaitTime);\nI.waitForText('Search for a case', CCPBATConstants.tenSecondWaitTime);\nI.see('Search for a case');\nI.see('Search');\nI.see('Case Transaction');\nI.see('Payment history');\nI.searchForCCDdummydata();\nI.Logout();",
            "err": {
              "message": "Error: Text \"Search for a case\" was not found on page after 20 sec\nwaiting for function failed: timeout 20000ms exceeded",
              "estack": "Text \"Search for a case\" was not found on page after 20 sec\nwaiting for function failed: timeout 20000ms exceeded\n\nScenario Steps:\n\n- I.waitForText(\"Search for a case\", 20) at Test.<anonymous> (acceptance-tests/test/end-to-end/tests/CCPB_SearchCaseWithCCD_test.js:14:5)\n- I.wait(20) at Test.<anonymous> (acceptance-tests/test/end-to-end/tests/CCPB_SearchCaseWithCCD_test.js:13:5)\n- I.click({\"css\":\"[type=\\\"submit\\\"]\"}) at Object.login (acceptance-tests/test/end-to-end/pages/steps_file.js:19:10)\n- I.waitForElement({\"css\":\"[type=\\\"submit\\\"]\"}, 40) at Object.login (acceptance-tests/test/end-to-end/pages/steps_file.js:18:10)\n- I.fillField(\"Password\", \"Testing1234\") at Object.login (acceptance-tests/test/end-to-end/pages/steps_file.js:17:10)\n- I.fillField(\"Email address\", \"robreallywantsccdaccess@mailinator.com\") at Object.login (acceptance-tests/test/end-to-end/pages/steps_file.js:16:10)\n- I.waitForElement(\"#username\", 40) at Object.login (acceptance-tests/test/end-to-end/pages/steps_file.js:15:49)\n- I.amOnPage(\"/\") at Object.login (acceptance-tests/test/end-to-end/pages/steps_file.js:14:10)\n\n"
            },
            "isRoot": false,
            "uuid": "0d5aef19-80af-4203-b829-bbf910ccb135",
            "isHook": false,
            "skipped": false
          },
          {
            "title": "Search for a case with actual case number from CCD",
            "fullTitle": "CC Pay Bubble Acceptance Tests: Search for a case with actual case number from CCD",
            "timedOut": false,
            "duration": 0,
            "pass": false,
            "fail": false,
            "pending": false,
            "code": "I.login('robreallywantsccdaccess@mailinator.com', 'Testing1234');\nI.wait(CCPBATConstants.tenSecondWaitTime);\nI.waitForText('Search for a case', CCPBATConstants.tenSecondWaitTime);\nI.see('Search for a case');\nI.see('What do you want to search for?');\nI.see('CCD case reference or exception record');\nI.see('Payment Asset Number (DCN)');\nI.see('Case Transaction');\nI.see('Payment history');\nI.see('Reports');\nI.searchForCorrectCCDNumber();\nI.Logout();",
            "err": {},
            "isRoot": false,
            "uuid": "57af1829-13fb-4242-9d56-0a0c4390899a",
            "isHook": false,
            "skipped": true
          },
          {
            "title": "Search for a case with actual case for Telephony flow",
            "fullTitle": "CC Pay Bubble Acceptance Tests: Search for a case with actual case for Telephony flow",
            "timedOut": false,
            "duration": 0,
            "pass": false,
            "fail": false,
            "pending": false,
            "code": "I.login('robreallywantsccdaccess@mailinator.com', 'Testing1234');\nI.wait(CCPBATConstants.tenSecondWaitTime);\nI.waitForText('Search for a case', CCPBATConstants.tenSecondWaitTime);\nI.see('Search for a case');\nI.see('Search');\nI.see('Case Transaction');\nI.see('Payment history');\nI.caseforTelephonyFlow();\nI.Logout();",
            "err": {},
            "isRoot": false,
            "uuid": "c3e6d900-a48a-4e63-ab7b-e3355c52e430",
            "isHook": false,
            "skipped": true
          },
          {
            "title": "Amount Due case for Telephony flow",
            "fullTitle": "CC Pay Bubble Acceptance Tests: Amount Due case for Telephony flow",
            "timedOut": false,
            "duration": 0,
            "pass": false,
            "fail": false,
            "pending": false,
            "code": "I.login('robreallywantsccdaccess@mailinator.com', 'Testing1234');\nI.wait(CCPBATConstants.tenSecondWaitTime);\nI.waitForText('Search for a case', CCPBATConstants.tenSecondWaitTime);\nI.see('Search for a case');\nI.see('Search');\nI.see('Case Transaction');\nI.see('Payment history');\nI.AmountDueCaseForTelephonyFlow();\nI.Logout();",
            "err": {},
            "isRoot": false,
            "uuid": "1053f768-f1f6-4412-bdb5-571e42272cbc",
            "isHook": false,
            "skipped": true
          },
          {
            "title": "Remove fee from case transaction page Telephony flow",
            "fullTitle": "CC Pay Bubble Acceptance Tests: Remove fee from case transaction page Telephony flow",
            "timedOut": false,
            "duration": 0,
            "pass": false,
            "fail": false,
            "pending": false,
            "code": "I.login('robreallywantsccdaccess@mailinator.com', 'Testing1234');\nI.wait(CCPBATConstants.tenSecondWaitTime);\nI.waitForText('Search for a case', CCPBATConstants.tenSecondWaitTime);\nI.see('Search for a case');\nI.see('Search');\nI.see('Case Transaction');\nI.see('Payment history');\nI.removeFeeFromCaseTransactionPageTelephonyFlow();\nI.Logout();",
            "err": {},
            "isRoot": false,
            "uuid": "89bf6217-2158-416f-a293-36384dd04ef9",
            "isHook": false,
            "skipped": true
          }
        ],
        "suites": [],
        "passes": [],
        "failures": [
          "0d5aef19-80af-4203-b829-bbf910ccb135"
        ],
        "pending": [],
        "skipped": [
          "57af1829-13fb-4242-9d56-0a0c4390899a",
          "c3e6d900-a48a-4e63-ab7b-e3355c52e430",
          "1053f768-f1f6-4412-bdb5-571e42272cbc",
          "89bf6217-2158-416f-a293-36384dd04ef9"
        ],
        "duration": 126539,
        "root": false,
        "rootEmpty": false,
        "_timeout": 0
      }
    ],
    "passes": [],
    "failures": [],
    "pending": [],
    "skipped": [],
    "duration": 0,
    "root": true,
    "rootEmpty": true,
    "_timeout": 0
  },
  "copyrightYear": 2021
}