{
  "stats": {
    "suites": 1,
    "tests": 5,
    "passes": 5,
    "pending": 0,
    "failures": 0,
    "start": "2020-10-05T13:07:06.964Z",
    "end": "2020-10-05T13:13:06.509Z",
    "duration": 359545,
    "testsRegistered": 5,
    "passPercent": 100,
    "pendingPercent": 0,
    "other": 0,
    "hasOther": false,
    "skipped": 0,
    "hasSkipped": false,
    "passPercentClass": "success",
    "pendingPercentClass": "danger"
  },
  "suites": {
    "uuid": "3fbc3b02-b45b-40eb-a703-c58fff3a08d8",
    "title": "",
    "fullFile": "",
    "file": "",
    "beforeHooks": [],
    "afterHooks": [],
    "tests": [],
    "suites": [
      {
        "uuid": "24460336-1e15-40b5-ab25-675d2332207e",
        "title": "CC Pay Bubble Acceptance Tests",
        "fullFile": "/Users/krishnakishorenuthalapati/paybubblefunctionaltests/ccpay-bubble/acceptance-tests/test/end-to-end/tests/CCPB_SearchCaseWithCCD_test.js",
        "file": "/acceptance-tests/test/end-to-end/tests/CCPB_SearchCaseWithCCD_test.js",
        "beforeHooks": [
          {
            "title": "\"before all\" hook: codeceptjs.beforeSuite",
            "fullTitle": "CC Pay Bubble Acceptance Tests \"before all\" hook: codeceptjs.beforeSuite",
            "timedOut": false,
            "duration": 861,
            "pass": false,
            "fail": false,
            "pending": false,
            "code": "scenario.suiteSetup(suite)",
            "err": {},
            "isRoot": false,
            "uuid": "f571b793-09d8-4a06-abbc-934c02ed55ee",
            "isHook": true,
            "skipped": false
          },
          {
            "title": "\"before all\" hook: BeforeSuite",
            "fullTitle": "CC Pay Bubble Acceptance Tests \"before all\" hook: BeforeSuite",
            "timedOut": false,
            "duration": 10988,
            "pass": false,
            "fail": false,
            "pending": false,
            "code": "I.amOnPage('/');\nI.wait(CCPBATConstants.twoSecondWaitTime);\nI.resizeWindow(CCPBATConstants.windowsSizeX, CCPBATConstants.windowsSizeY);",
            "err": {},
            "isRoot": false,
            "uuid": "e33b7e68-16b3-4760-87ae-e88dfa7d92ad",
            "isHook": true,
            "skipped": false
          },
          {
            "title": "\"before each\" hook: codeceptjs.before",
            "fullTitle": "CC Pay Bubble Acceptance Tests \"before each\" hook: codeceptjs.before",
            "timedOut": false,
            "duration": 0,
            "pass": false,
            "fail": false,
            "pending": false,
            "code": "scenario.setup(suite)",
            "err": {},
            "isRoot": false,
            "uuid": "49619127-2759-4307-9c1c-37bbf548f67b",
            "isHook": true,
            "skipped": false
          }
        ],
        "afterHooks": [
          {
            "title": "\"after all\" hook: codeceptjs.afterSuite",
            "fullTitle": "CC Pay Bubble Acceptance Tests \"after all\" hook: codeceptjs.afterSuite",
            "timedOut": false,
            "duration": 0,
            "pass": false,
            "fail": false,
            "pending": false,
            "code": "scenario.suiteTeardown(suite)",
            "err": {},
            "isRoot": false,
            "uuid": "07cdc29a-6e37-4c01-8587-602ae8951e38",
            "isHook": true,
            "skipped": false
          },
          {
            "title": "\"after each\" hook: finalize codeceptjs",
            "fullTitle": "CC Pay Bubble Acceptance Tests \"after each\" hook: finalize codeceptjs",
            "timedOut": false,
            "duration": 1,
            "pass": false,
            "fail": false,
            "pending": false,
            "code": "scenario.teardown(suite)",
            "err": {},
            "isRoot": false,
            "uuid": "c490cb6a-b0a7-47eb-b95b-120c2c191562",
            "isHook": true,
            "skipped": false
          }
        ],
        "tests": [
          {
            "title": "Search for a case with dummy case number",
            "fullTitle": "CC Pay Bubble Acceptance Tests: Search for a case with dummy case number",
            "timedOut": false,
            "duration": 46690,
            "state": "passed",
            "speed": "slow",
            "pass": true,
            "fail": false,
            "pending": false,
            "code": "I.login('robreallywantsccdaccess@mailinator.com', 'Testing1234');\nI.wait(CCPBATConstants.tenSecondWaitTime);\nI.waitForText('Search for a case', CCPBATConstants.tenSecondWaitTime);\nI.see('Search for a case');\nI.see('Search');\nI.see('Case Transaction');\nI.see('Payment history');\nI.searchForCCDdummydata();\nI.Logout();",
            "err": {},
            "isRoot": false,
            "uuid": "3c9eba71-4e39-45a6-8b6d-8be3bc4e9160",
            "isHook": false,
            "skipped": false
          },
          {
            "title": "Search for a case with actual case number from CCD",
            "fullTitle": "CC Pay Bubble Acceptance Tests: Search for a case with actual case number from CCD",
            "timedOut": false,
            "duration": 45887,
            "state": "passed",
            "speed": "slow",
            "pass": true,
            "fail": false,
            "pending": false,
            "code": "I.login('robreallywantsccdaccess@mailinator.com', 'Testing1234');\nI.wait(CCPBATConstants.tenSecondWaitTime);\nI.waitForText('Search for a case', CCPBATConstants.tenSecondWaitTime);\nI.see('Search for a case');\nI.see('What do you want to search for?');\nI.see('CCD case reference or exception record');\nI.see('Payment Asset Number (DCN)');\nI.see('Case Transaction');\nI.see('Payment history');\nI.see('Reports');\nI.searchForCorrectCCDNumber();\nI.Logout();",
            "err": {},
            "isRoot": false,
            "uuid": "0c19959f-20b7-41d9-852f-31b1f09c7fc1",
            "isHook": false,
            "skipped": false
          },
          {
            "title": "Search for a case with actual case for Telephony flow",
            "fullTitle": "CC Pay Bubble Acceptance Tests: Search for a case with actual case for Telephony flow",
            "timedOut": false,
            "duration": 88803,
            "state": "passed",
            "speed": "slow",
            "pass": true,
            "fail": false,
            "pending": false,
            "code": "I.login('robreallywantsccdaccess@mailinator.com', 'Testing1234');\nI.wait(CCPBATConstants.tenSecondWaitTime);\nI.waitForText('Search for a case', CCPBATConstants.tenSecondWaitTime);\nI.see('Search for a case');\nI.see('Search');\nI.see('Case Transaction');\nI.see('Payment history');\nI.caseforTelephonyFlow();\nI.Logout();",
            "err": {},
            "isRoot": false,
            "uuid": "bad8b160-802d-4931-8d4a-b5f04a3bec98",
            "isHook": false,
            "skipped": false
          },
          {
            "title": "Amount Due case for Telephony flow",
            "fullTitle": "CC Pay Bubble Acceptance Tests: Amount Due case for Telephony flow",
            "timedOut": false,
            "duration": 55973,
            "state": "passed",
            "speed": "slow",
            "pass": true,
            "fail": false,
            "pending": false,
            "code": "I.login('robreallywantsccdaccess@mailinator.com', 'Testing1234');\nI.wait(CCPBATConstants.tenSecondWaitTime);\nI.waitForText('Search for a case', CCPBATConstants.tenSecondWaitTime);\nI.see('Search for a case');\nI.see('Search');\nI.see('Case Transaction');\nI.see('Payment history');\nI.AmountDueCaseForTelephonyFlow();\nI.Logout();",
            "err": {},
            "isRoot": false,
            "uuid": "1e2f2af6-2761-4585-8e8a-019d1c4e2343",
            "isHook": false,
            "skipped": false
          },
          {
            "title": "Remove fee from case transaction page Telephony flow",
            "fullTitle": "CC Pay Bubble Acceptance Tests: Remove fee from case transaction page Telephony flow",
            "timedOut": false,
            "duration": 110326,
            "state": "passed",
            "speed": "slow",
            "pass": true,
            "fail": false,
            "pending": false,
            "code": "I.login('robreallywantsccdaccess@mailinator.com', 'Testing1234');\nI.wait(CCPBATConstants.tenSecondWaitTime);\nI.waitForText('Search for a case', CCPBATConstants.tenSecondWaitTime);\nI.see('Search for a case');\nI.see('Search');\nI.see('Case Transaction');\nI.see('Payment history');\nI.removeFeeFromCaseTransactionPageTelephonyFlow();\nI.Logout();",
            "err": {},
            "isRoot": false,
            "uuid": "78bd6a93-e901-4f80-a681-5cef0b4db3fb",
            "isHook": false,
            "skipped": false
          }
        ],
        "suites": [],
        "passes": [
          "3c9eba71-4e39-45a6-8b6d-8be3bc4e9160",
          "0c19959f-20b7-41d9-852f-31b1f09c7fc1",
          "bad8b160-802d-4931-8d4a-b5f04a3bec98",
          "1e2f2af6-2761-4585-8e8a-019d1c4e2343",
          "78bd6a93-e901-4f80-a681-5cef0b4db3fb"
        ],
        "failures": [],
        "pending": [],
        "skipped": [],
        "duration": 347679,
        "root": false,
        "rootEmpty": false,
        "_timeout": 0
      }
    ],
    "passes": [],
    "failures": [],
    "pending": [],
    "skipped": [],
    "duration": 0,
    "root": true,
    "rootEmpty": true,
    "_timeout": 0
  },
  "copyrightYear": 2020
}