{
  "stats": {
    "suites": 1,
    "tests": 1,
    "passes": 0,
    "pending": 0,
    "failures": 1,
    "start": "2021-01-31T22:16:26.269Z",
    "end": "2021-01-31T22:17:11.357Z",
    "duration": 45088,
    "testsRegistered": 5,
    "passPercent": 0,
    "pendingPercent": 0,
    "other": 0,
    "hasOther": false,
    "skipped": 4,
    "hasSkipped": true,
    "passPercentClass": "danger",
    "pendingPercentClass": "danger"
  },
  "suites": {
    "uuid": "e002df4b-b131-4a3c-8977-a8d5b9a23b86",
    "title": "",
    "fullFile": "",
    "file": "",
    "beforeHooks": [],
    "afterHooks": [],
    "tests": [],
    "suites": [
      {
        "uuid": "d20f89ef-90c9-4ce4-9c0b-edb67c9de3b2",
        "title": "CC Pay Bubble Acceptance Tests",
        "fullFile": "/Users/krishnakishorenuthalapati/mutationweb/ccpay-bubble/acceptance-tests/test/end-to-end/tests/CCPB_SearchCaseWithCCD_test.js",
        "file": "/acceptance-tests/test/end-to-end/tests/CCPB_SearchCaseWithCCD_test.js",
        "beforeHooks": [
          {
            "title": "\"before all\" hook: codeceptjs.beforeSuite",
            "fullTitle": "CC Pay Bubble Acceptance Tests \"before all\" hook: codeceptjs.beforeSuite",
            "timedOut": false,
            "duration": 3235,
            "pass": false,
            "fail": false,
            "pending": false,
            "code": "scenario.suiteSetup(suite)",
            "err": {},
            "isRoot": false,
            "uuid": "413bc37f-bf4f-4497-adfc-0d0c02c30e65",
            "isHook": true,
            "skipped": false
          },
          {
            "title": "\"before all\" hook: BeforeSuite",
            "fullTitle": "CC Pay Bubble Acceptance Tests \"before all\" hook: BeforeSuite",
            "timedOut": false,
            "duration": 7030,
            "pass": false,
            "fail": false,
            "pending": false,
            "code": "I.amOnPage('/');\nI.wait(CCPBATConstants.twoSecondWaitTime);\nI.resizeWindow(CCPBATConstants.windowsSizeX, CCPBATConstants.windowsSizeY);",
            "err": {},
            "isRoot": false,
            "uuid": "3f898666-272c-471c-a127-c08b0713bec7",
            "isHook": true,
            "skipped": false
          },
          {
            "title": "\"before each\" hook: codeceptjs.before",
            "fullTitle": "CC Pay Bubble Acceptance Tests \"before each\" hook: codeceptjs.before",
            "timedOut": false,
            "duration": 1,
            "pass": false,
            "fail": false,
            "pending": false,
            "code": "scenario.setup(suite)",
            "err": {},
            "isRoot": false,
            "uuid": "75f419e4-3f79-46bd-8777-e277ddcf6f92",
            "isHook": true,
            "skipped": false
          }
        ],
        "afterHooks": [
          {
            "title": "\"after all\" hook: codeceptjs.afterSuite",
            "fullTitle": "CC Pay Bubble Acceptance Tests \"after all\" hook: codeceptjs.afterSuite",
            "timedOut": false,
            "duration": 0,
            "pass": false,
            "fail": false,
            "pending": false,
            "code": "scenario.suiteTeardown(suite)",
            "err": {},
            "isRoot": false,
            "uuid": "4c0df5ba-cec2-49a9-9d83-ba73ee16ebf0",
            "isHook": true,
            "skipped": false
          },
          {
            "title": "\"after each\" hook: finalize codeceptjs",
            "fullTitle": "CC Pay Bubble Acceptance Tests \"after each\" hook: finalize codeceptjs",
            "timedOut": false,
            "duration": 1,
            "pass": false,
            "fail": false,
            "pending": false,
            "code": "scenario.teardown(suite)",
            "err": {},
            "isRoot": false,
            "uuid": "219f7913-cde8-4cc2-bbe2-09252801adab",
            "isHook": true,
            "skipped": false
          }
        ],
        "tests": [
          {
            "title": "Search for a case with dummy case number",
            "fullTitle": "CC Pay Bubble Acceptance Tests: Search for a case with dummy case number",
            "timedOut": false,
            "duration": 34816,
            "state": "failed",
            "pass": false,
            "fail": true,
            "pending": false,
            "context": "\"Search_for_70c4ae48-fd93-4085-97c5-2937cf1abd2a.failed.png\"",
            "code": "I.login('robreallywantsccdaccess@mailinator.com', 'Testing1234');\nI.wait(CCPBATConstants.tenSecondWaitTime);\nI.waitForText('Search for a case', CCPBATConstants.tenSecondWaitTime);\nI.see('Search for a case');\nI.see('Search');\nI.see('Case Transaction');\nI.see('Payment history');\nI.searchForCCDdummydata();\nI.Logout();",
            "err": {
              "message": "Error: expected web application to include \"No matching cases found\"",
              "estack": "expected web application to include \"No matching cases found\"\n\nScenario Steps:\n\n- I.see(\"No matching cases found\") at Object.searchForCCDdummydata (acceptance-tests/test/end-to-end/pages/steps_file.js:748:10)\n- I.wait(10) at Object.searchForCCDdummydata (acceptance-tests/test/end-to-end/pages/steps_file.js:747:10)\n- I.click(\"Search\") at Object.searchForCCDdummydata (acceptance-tests/test/end-to-end/pages/steps_file.js:746:10)\n- I.fillField({\"css\":\"[type=\\\"text\\\"]\"}, \"3456789098765434\") at Object.searchForCCDdummydata (acceptance-tests/test/end-to-end/pages/steps_file.js:745:10)\n- I.see(\"Payment history\") at Test.<anonymous> (acceptance-tests/test/end-to-end/tests/CCPB_SearchCaseWithCCD_test.js:18:5)\n- I.see(\"Case Transaction\") at Test.<anonymous> (acceptance-tests/test/end-to-end/tests/CCPB_SearchCaseWithCCD_test.js:17:5)\n- I.see(\"Search\") at Test.<anonymous> (acceptance-tests/test/end-to-end/tests/CCPB_SearchCaseWithCCD_test.js:16:5)\n- I.see(\"Search for a case\") at Test.<anonymous> (acceptance-tests/test/end-to-end/tests/CCPB_SearchCaseWithCCD_test.js:15:5)\n- I.waitForText(\"Search for a case\", 20) at Test.<anonymous> (acceptance-tests/test/end-to-end/tests/CCPB_SearchCaseWithCCD_test.js:14:5)\n- I.wait(20) at Test.<anonymous> (acceptance-tests/test/end-to-end/tests/CCPB_SearchCaseWithCCD_test.js:13:5)\n- I.click({\"css\":\"[type=\\\"submit\\\"]\"}) at Object.login (acceptance-tests/test/end-to-end/pages/steps_file.js:19:10)\n- I.waitForElement({\"css\":\"[type=\\\"submit\\\"]\"}, 40) at Object.login (acceptance-tests/test/end-to-end/pages/steps_file.js:18:10)\n- I.fillField(\"Password\", \"Testing1234\") at Object.login (acceptance-tests/test/end-to-end/pages/steps_file.js:17:10)\n- I.fillField(\"Email address\", \"robreallywantsccdaccess@mailinator.com\") at Object.login (acceptance-tests/test/end-to-end/pages/steps_file.js:16:10)\n- I.waitForElement(\"#username\", 40) at Object.login (acceptance-tests/test/end-to-end/pages/steps_file.js:15:49)\n- I.amOnPage(\"/\") at Object.login (acceptance-tests/test/end-to-end/pages/steps_file.js:14:10)\n\n",
              "diff": "- Skip to main content\n- HMCTS PayBubble\n- Case TransactionPayment historyReports31 Jan 2021Logout\n- \n- BETAThis is a new service – your feedback will help us to improve it.\n- \n- Case transactions\n- CCD reference:\n- 3456-7890-9876-5434\n- Total payments\tTotal remissions\tAmount due\tUnallocated payments\n- --( 13 lines more )---\n+ No matching cases found\n"
            },
            "isRoot": false,
            "uuid": "70c4ae48-fd93-4085-97c5-2937cf1abd2a",
            "isHook": false,
            "skipped": false
          },
          {
            "title": "Search for a case with actual case number from CCD",
            "fullTitle": "CC Pay Bubble Acceptance Tests: Search for a case with actual case number from CCD",
            "timedOut": false,
            "duration": 0,
            "pass": false,
            "fail": false,
            "pending": false,
            "code": "I.login('robreallywantsccdaccess@mailinator.com', 'Testing1234');\nI.wait(CCPBATConstants.tenSecondWaitTime);\nI.waitForText('Search for a case', CCPBATConstants.tenSecondWaitTime);\nI.see('Search for a case');\nI.see('What do you want to search for?');\nI.see('CCD case reference or exception record');\nI.see('Payment Asset Number (DCN)');\nI.see('Case Transaction');\nI.see('Payment history');\nI.see('Reports');\nI.searchForCorrectCCDNumber();\nI.Logout();",
            "err": {},
            "isRoot": false,
            "uuid": "fb601afb-cbaf-4d9b-a908-e72441181cc7",
            "isHook": false,
            "skipped": true
          },
          {
            "title": "Search for a case with actual case for Telephony flow",
            "fullTitle": "CC Pay Bubble Acceptance Tests: Search for a case with actual case for Telephony flow",
            "timedOut": false,
            "duration": 0,
            "pass": false,
            "fail": false,
            "pending": false,
            "code": "I.login('robreallywantsccdaccess@mailinator.com', 'Testing1234');\nI.wait(CCPBATConstants.tenSecondWaitTime);\nI.waitForText('Search for a case', CCPBATConstants.tenSecondWaitTime);\nI.see('Search for a case');\nI.see('Search');\nI.see('Case Transaction');\nI.see('Payment history');\nI.caseforTelephonyFlow();\nI.Logout();",
            "err": {},
            "isRoot": false,
            "uuid": "38480e8b-8acb-44cf-98b3-059218b2d1a9",
            "isHook": false,
            "skipped": true
          },
          {
            "title": "Amount Due case for Telephony flow",
            "fullTitle": "CC Pay Bubble Acceptance Tests: Amount Due case for Telephony flow",
            "timedOut": false,
            "duration": 0,
            "pass": false,
            "fail": false,
            "pending": false,
            "code": "I.login('robreallywantsccdaccess@mailinator.com', 'Testing1234');\nI.wait(CCPBATConstants.tenSecondWaitTime);\nI.waitForText('Search for a case', CCPBATConstants.tenSecondWaitTime);\nI.see('Search for a case');\nI.see('Search');\nI.see('Case Transaction');\nI.see('Payment history');\nI.AmountDueCaseForTelephonyFlow();\nI.Logout();",
            "err": {},
            "isRoot": false,
            "uuid": "aa215cd6-cccd-4d6e-bb31-50dd3451aa72",
            "isHook": false,
            "skipped": true
          },
          {
            "title": "Remove fee from case transaction page Telephony flow",
            "fullTitle": "CC Pay Bubble Acceptance Tests: Remove fee from case transaction page Telephony flow",
            "timedOut": false,
            "duration": 0,
            "pass": false,
            "fail": false,
            "pending": false,
            "code": "I.login('robreallywantsccdaccess@mailinator.com', 'Testing1234');\nI.wait(CCPBATConstants.tenSecondWaitTime);\nI.waitForText('Search for a case', CCPBATConstants.tenSecondWaitTime);\nI.see('Search for a case');\nI.see('Search');\nI.see('Case Transaction');\nI.see('Payment history');\nI.removeFeeFromCaseTransactionPageTelephonyFlow();\nI.Logout();",
            "err": {},
            "isRoot": false,
            "uuid": "2b2ee3da-be25-444c-8b70-663dc7fb1a3c",
            "isHook": false,
            "skipped": true
          }
        ],
        "suites": [],
        "passes": [],
        "failures": [
          "70c4ae48-fd93-4085-97c5-2937cf1abd2a"
        ],
        "pending": [],
        "skipped": [
          "fb601afb-cbaf-4d9b-a908-e72441181cc7",
          "38480e8b-8acb-44cf-98b3-059218b2d1a9",
          "aa215cd6-cccd-4d6e-bb31-50dd3451aa72",
          "2b2ee3da-be25-444c-8b70-663dc7fb1a3c"
        ],
        "duration": 34816,
        "root": false,
        "rootEmpty": false,
        "_timeout": 0
      }
    ],
    "passes": [],
    "failures": [],
    "pending": [],
    "skipped": [],
    "duration": 0,
    "root": true,
    "rootEmpty": true,
    "_timeout": 0
  },
  "copyrightYear": 2021
}