{
  "stats": {
    "suites": 1,
    "tests": 5,
    "passes": 5,
    "pending": 0,
    "failures": 0,
    "start": "2021-01-13T15:02:38.931Z",
    "end": "2021-01-13T15:09:30.871Z",
    "duration": 411940,
    "testsRegistered": 5,
    "passPercent": 100,
    "pendingPercent": 0,
    "other": 0,
    "hasOther": false,
    "skipped": 0,
    "hasSkipped": false,
    "passPercentClass": "success",
    "pendingPercentClass": "danger"
  },
  "suites": {
    "uuid": "a789adfc-d3e6-4c9d-8680-d03774016bf9",
    "title": "",
    "fullFile": "",
    "file": "",
    "beforeHooks": [],
    "afterHooks": [],
    "tests": [],
    "suites": [
      {
        "uuid": "bd3164a9-83a2-4d65-9cf6-4c558e2057e5",
        "title": "CC Pay Bubble Acceptance Tests",
        "fullFile": "/Users/krishnakishorenuthalapati/mutation/ccpay-bubble/acceptance-tests/test/end-to-end/tests/CCPB_SearchCaseWithCCD_test.js",
        "file": "/acceptance-tests/test/end-to-end/tests/CCPB_SearchCaseWithCCD_test.js",
        "beforeHooks": [
          {
            "title": "\"before all\" hook: codeceptjs.beforeSuite",
            "fullTitle": "CC Pay Bubble Acceptance Tests \"before all\" hook: codeceptjs.beforeSuite",
            "timedOut": false,
            "duration": 3147,
            "pass": false,
            "fail": false,
            "pending": false,
            "code": "scenario.suiteSetup(suite)",
            "err": {},
            "isRoot": false,
            "uuid": "ef8ca8bd-a5f4-4456-95bf-14c56ff4ce81",
            "isHook": true,
            "skipped": false
          },
          {
            "title": "\"before all\" hook: BeforeSuite",
            "fullTitle": "CC Pay Bubble Acceptance Tests \"before all\" hook: BeforeSuite",
            "timedOut": false,
            "duration": 9424,
            "pass": false,
            "fail": false,
            "pending": false,
            "code": "I.amOnPage('/');\nI.wait(CCPBATConstants.twoSecondWaitTime);\nI.resizeWindow(CCPBATConstants.windowsSizeX, CCPBATConstants.windowsSizeY);",
            "err": {},
            "isRoot": false,
            "uuid": "09282016-8da4-41f5-9a8a-a3d58b387604",
            "isHook": true,
            "skipped": false
          },
          {
            "title": "\"before each\" hook: codeceptjs.before",
            "fullTitle": "CC Pay Bubble Acceptance Tests \"before each\" hook: codeceptjs.before",
            "timedOut": false,
            "duration": 0,
            "pass": false,
            "fail": false,
            "pending": false,
            "code": "scenario.setup(suite)",
            "err": {},
            "isRoot": false,
            "uuid": "8cca2b32-2561-4114-93e9-e2d0b25a943a",
            "isHook": true,
            "skipped": false
          }
        ],
        "afterHooks": [
          {
            "title": "\"after all\" hook: codeceptjs.afterSuite",
            "fullTitle": "CC Pay Bubble Acceptance Tests \"after all\" hook: codeceptjs.afterSuite",
            "timedOut": false,
            "duration": 1,
            "pass": false,
            "fail": false,
            "pending": false,
            "code": "scenario.suiteTeardown(suite)",
            "err": {},
            "isRoot": false,
            "uuid": "9ad868f0-5626-4881-96bd-04ee6e0b8915",
            "isHook": true,
            "skipped": false
          },
          {
            "title": "\"after each\" hook: finalize codeceptjs",
            "fullTitle": "CC Pay Bubble Acceptance Tests \"after each\" hook: finalize codeceptjs",
            "timedOut": false,
            "duration": 0,
            "pass": false,
            "fail": false,
            "pending": false,
            "code": "scenario.teardown(suite)",
            "err": {},
            "isRoot": false,
            "uuid": "5acd4db8-82af-4e54-a5c1-95baa8e1558f",
            "isHook": true,
            "skipped": false
          }
        ],
        "tests": [
          {
            "title": "Search for a case with dummy case number",
            "fullTitle": "CC Pay Bubble Acceptance Tests: Search for a case with dummy case number",
            "timedOut": false,
            "duration": 45204,
            "state": "passed",
            "speed": "slow",
            "pass": true,
            "fail": false,
            "pending": false,
            "code": "I.login('robreallywantsccdaccess@mailinator.com', 'Testing1234');\nI.wait(CCPBATConstants.tenSecondWaitTime);\nI.waitForText('Search for a case', CCPBATConstants.tenSecondWaitTime);\nI.see('Search for a case');\nI.see('Search');\nI.see('Case Transaction');\nI.see('Payment history');\nI.searchForCCDdummydata();\nI.Logout();",
            "err": {},
            "isRoot": false,
            "uuid": "086c723a-f4fe-4a20-adc9-77c7add66e73",
            "isHook": false,
            "skipped": false
          },
          {
            "title": "Search for a case with actual case number from CCD",
            "fullTitle": "CC Pay Bubble Acceptance Tests: Search for a case with actual case number from CCD",
            "timedOut": false,
            "duration": 47346,
            "state": "passed",
            "speed": "slow",
            "pass": true,
            "fail": false,
            "pending": false,
            "code": "I.login('robreallywantsccdaccess@mailinator.com', 'Testing1234');\nI.wait(CCPBATConstants.tenSecondWaitTime);\nI.waitForText('Search for a case', CCPBATConstants.tenSecondWaitTime);\nI.see('Search for a case');\nI.see('What do you want to search for?');\nI.see('CCD case reference or exception record');\nI.see('Payment Asset Number (DCN)');\nI.see('Case Transaction');\nI.see('Payment history');\nI.see('Reports');\nI.searchForCorrectCCDNumber();\nI.Logout();",
            "err": {},
            "isRoot": false,
            "uuid": "c9996206-ffb6-4b57-bb27-c3cf2073f760",
            "isHook": false,
            "skipped": false
          },
          {
            "title": "Search for a case with actual case for Telephony flow",
            "fullTitle": "CC Pay Bubble Acceptance Tests: Search for a case with actual case for Telephony flow",
            "timedOut": false,
            "duration": 109833,
            "state": "passed",
            "speed": "slow",
            "pass": true,
            "fail": false,
            "pending": false,
            "code": "I.login('robreallywantsccdaccess@mailinator.com', 'Testing1234');\nI.wait(CCPBATConstants.tenSecondWaitTime);\nI.waitForText('Search for a case', CCPBATConstants.tenSecondWaitTime);\nI.see('Search for a case');\nI.see('Search');\nI.see('Case Transaction');\nI.see('Payment history');\nI.caseforTelephonyFlow();\nI.Logout();",
            "err": {},
            "isRoot": false,
            "uuid": "147e92ab-7bb0-4695-adc3-3868941642d9",
            "isHook": false,
            "skipped": false
          },
          {
            "title": "Amount Due case for Telephony flow",
            "fullTitle": "CC Pay Bubble Acceptance Tests: Amount Due case for Telephony flow",
            "timedOut": false,
            "duration": 66443,
            "state": "passed",
            "speed": "slow",
            "pass": true,
            "fail": false,
            "pending": false,
            "code": "I.login('robreallywantsccdaccess@mailinator.com', 'Testing1234');\nI.wait(CCPBATConstants.tenSecondWaitTime);\nI.waitForText('Search for a case', CCPBATConstants.tenSecondWaitTime);\nI.see('Search for a case');\nI.see('Search');\nI.see('Case Transaction');\nI.see('Payment history');\nI.AmountDueCaseForTelephonyFlow();\nI.Logout();",
            "err": {},
            "isRoot": false,
            "uuid": "02945d4a-a201-444f-846c-f6f6fec0fad7",
            "isHook": false,
            "skipped": false
          },
          {
            "title": "Remove fee from case transaction page Telephony flow",
            "fullTitle": "CC Pay Bubble Acceptance Tests: Remove fee from case transaction page Telephony flow",
            "timedOut": false,
            "duration": 130534,
            "state": "passed",
            "speed": "slow",
            "pass": true,
            "fail": false,
            "pending": false,
            "code": "I.login('robreallywantsccdaccess@mailinator.com', 'Testing1234');\nI.wait(CCPBATConstants.tenSecondWaitTime);\nI.waitForText('Search for a case', CCPBATConstants.tenSecondWaitTime);\nI.see('Search for a case');\nI.see('Search');\nI.see('Case Transaction');\nI.see('Payment history');\nI.removeFeeFromCaseTransactionPageTelephonyFlow();\nI.Logout();",
            "err": {},
            "isRoot": false,
            "uuid": "8f43c028-911a-460a-b294-8d5fde259e61",
            "isHook": false,
            "skipped": false
          }
        ],
        "suites": [],
        "passes": [
          "086c723a-f4fe-4a20-adc9-77c7add66e73",
          "c9996206-ffb6-4b57-bb27-c3cf2073f760",
          "147e92ab-7bb0-4695-adc3-3868941642d9",
          "02945d4a-a201-444f-846c-f6f6fec0fad7",
          "8f43c028-911a-460a-b294-8d5fde259e61"
        ],
        "failures": [],
        "pending": [],
        "skipped": [],
        "duration": 399360,
        "root": false,
        "rootEmpty": false,
        "_timeout": 0
      }
    ],
    "passes": [],
    "failures": [],
    "pending": [],
    "skipped": [],
    "duration": 0,
    "root": true,
    "rootEmpty": true,
    "_timeout": 0
  },
  "copyrightYear": 2021
}