{
  "stats": {
    "suites": 1,
    "tests": 2,
    "passes": 2,
    "pending": 0,
    "failures": 0,
    "start": "2019-11-11T23:00:15.291Z",
    "end": "2019-11-11T23:02:54.044Z",
    "duration": 158753,
    "testsRegistered": 2,
    "passPercent": 100,
    "pendingPercent": 0,
    "other": 0,
    "hasOther": false,
    "skipped": 0,
    "hasSkipped": false,
    "passPercentClass": "success",
    "pendingPercentClass": "danger"
  },
  "suites": {
    "uuid": "f4c994ea-074c-4fe7-8cb1-00fcb68811a9",
    "title": "",
    "fullFile": "",
    "file": "",
    "beforeHooks": [],
    "afterHooks": [],
    "tests": [],
    "suites": [
      {
        "uuid": "dd8dcd9e-630e-4f8f-b75c-671aaef44653",
        "title": "CC Pay Bubble Acceptance Tests",
        "fullFile": "/Users/krishnakishorenuthalapati/ccpaybubble/ccpay-bubble/acceptance-tests/test/end-to-end/tests/CCPB_SearchCaseWithCCD_test.js",
        "file": "/acceptance-tests/test/end-to-end/tests/CCPB_SearchCaseWithCCD_test.js",
        "beforeHooks": [
          {
            "title": "\"before all\" hook: codeceptjs.beforeSuite",
            "fullTitle": "CC Pay Bubble Acceptance Tests \"before all\" hook: codeceptjs.beforeSuite",
            "timedOut": false,
            "duration": 10702,
            "pass": false,
            "fail": false,
            "pending": false,
            "code": "scenario.suiteSetup(suite)",
            "err": {},
            "isRoot": false,
            "uuid": "c27fa082-9845-4f5f-8a75-729a6089c697",
            "isHook": true,
            "skipped": false
          },
          {
            "title": "\"before all\" hook: BeforeSuite",
            "fullTitle": "CC Pay Bubble Acceptance Tests \"before all\" hook: BeforeSuite",
            "timedOut": false,
            "duration": 38483,
            "pass": false,
            "fail": false,
            "pending": false,
            "code": "I.amOnPage('/');\nI.wait(CCPBATConstants.twoSecondWaitTime);\nI.resizeWindow(CCPBATConstants.windowsSizeX, CCPBATConstants.windowsSizeY);",
            "err": {},
            "isRoot": false,
            "uuid": "1c54b7e9-30c9-4c73-ab00-e7c9428747aa",
            "isHook": true,
            "skipped": false
          },
          {
            "title": "\"before each\" hook: codeceptjs.before",
            "fullTitle": "CC Pay Bubble Acceptance Tests \"before each\" hook: codeceptjs.before",
            "timedOut": false,
            "duration": 0,
            "pass": false,
            "fail": false,
            "pending": false,
            "code": "scenario.setup(suite)",
            "err": {},
            "isRoot": false,
            "uuid": "6b73c096-8d45-42bf-8a46-dee33026127f",
            "isHook": true,
            "skipped": false
          }
        ],
        "afterHooks": [
          {
            "title": "\"after all\" hook: codeceptjs.afterSuite",
            "fullTitle": "CC Pay Bubble Acceptance Tests \"after all\" hook: codeceptjs.afterSuite",
            "timedOut": false,
            "duration": 0,
            "pass": false,
            "fail": false,
            "pending": false,
            "code": "scenario.suiteTeardown(suite)",
            "err": {},
            "isRoot": false,
            "uuid": "5a9072da-bbf3-4d70-8c59-4180aea75e0d",
            "isHook": true,
            "skipped": false
          },
          {
            "title": "\"after each\" hook: finalize codeceptjs",
            "fullTitle": "CC Pay Bubble Acceptance Tests \"after each\" hook: finalize codeceptjs",
            "timedOut": false,
            "duration": 0,
            "pass": false,
            "fail": false,
            "pending": false,
            "code": "scenario.teardown(suite)",
            "err": {},
            "isRoot": false,
            "uuid": "b5b4ff07-fe47-4d60-89ae-ade5fe481da1",
            "isHook": true,
            "skipped": false
          }
        ],
        "tests": [
          {
            "title": "Search case with CCD paybubble flow",
            "fullTitle": "CC Pay Bubble Acceptance Tests: Search case with CCD paybubble flow",
            "timedOut": false,
            "duration": 54067,
            "state": "passed",
            "speed": "slow",
            "pass": true,
            "fail": false,
            "pending": false,
            "code": "I.login('robreallywantsccdaccess@mailinator.com', 'Testing1234');\nI.wait(CCPBATConstants.tenSecondWaitTime);\nI.waitForText('Search for a case', CCPBATConstants.tenSecondWaitTime);\nI.see('Search for a case');\nI.see('Search');\nI.see('Case Transaction');\nI.see('Payment history');\nI.searchForCCDdummydata();\nI.Logout();",
            "err": {},
            "isRoot": false,
            "uuid": "79fc192e-9dbe-4b4f-a35a-abbe4e387493",
            "isHook": false,
            "skipped": false
          },
          {
            "title": "Search case with CCD paybubble flow",
            "fullTitle": "CC Pay Bubble Acceptance Tests: Search case with CCD paybubble flow",
            "timedOut": false,
            "duration": 55463,
            "state": "passed",
            "speed": "slow",
            "pass": true,
            "fail": false,
            "pending": false,
            "code": "I.login('robreallywantsccdaccess@mailinator.com', 'Testing1234');\nI.wait(CCPBATConstants.tenSecondWaitTime);\nI.waitForText('Search for a case', CCPBATConstants.tenSecondWaitTime);\nI.see('Search for a case');\nI.see('Search');\nI.see('Case Transaction');\nI.see('Payment history');\nI.searchForCorrectCCDNumber();\nI.Logout();",
            "err": {},
            "isRoot": false,
            "uuid": "792dc879-498c-417c-ada8-711136990ca3",
            "isHook": false,
            "skipped": false
          }
        ],
        "suites": [],
        "passes": [
          "79fc192e-9dbe-4b4f-a35a-abbe4e387493",
          "792dc879-498c-417c-ada8-711136990ca3"
        ],
        "failures": [],
        "pending": [],
        "skipped": [],
        "duration": 109530,
        "root": false,
        "rootEmpty": false,
        "_timeout": 0
      }
    ],
    "passes": [],
    "failures": [],
    "pending": [],
    "skipped": [],
    "duration": 0,
    "root": true,
    "rootEmpty": true,
    "_timeout": 0
  },
  "copyrightYear": 2019
}