{
  "stats": {
    "suites": 2,
    "tests": 4,
    "passes": 3,
    "pending": 0,
    "failures": 1,
    "start": "2020-06-18T19:09:03.116Z",
    "end": "2020-06-18T19:15:40.196Z",
    "duration": 397080,
    "testsRegistered": 5,
    "passPercent": 60,
    "pendingPercent": 0,
    "other": 0,
    "hasOther": false,
    "skipped": 1,
    "hasSkipped": true,
    "passPercentClass": "warning",
    "pendingPercentClass": "danger"
  },
  "suites": {
    "uuid": "e615321e-ae9e-42ce-b2c2-c745238b4665",
    "title": "",
    "fullFile": "",
    "file": "",
    "beforeHooks": [],
    "afterHooks": [],
    "tests": [],
    "suites": [
      {
        "uuid": "abb9a803-25fd-4838-a206-a4e95f83df35",
        "title": "CC Pay Bubble Acceptance Tests",
        "fullFile": "/Users/krishnakishorenuthalapati/mutation/ccpay-bubble/acceptance-tests/test/end-to-end/tests/CCPB_Probate_test.js",
        "file": "/acceptance-tests/test/end-to-end/tests/CCPB_Probate_test.js",
        "beforeHooks": [
          {
            "title": "\"before all\" hook: codeceptjs.beforeSuite",
            "fullTitle": "CC Pay Bubble Acceptance Tests \"before all\" hook: codeceptjs.beforeSuite",
            "timedOut": false,
            "duration": 1578,
            "pass": false,
            "fail": false,
            "pending": false,
            "code": "scenario.suiteSetup(suite)",
            "err": {},
            "isRoot": false,
            "uuid": "33f6942f-3aab-4c1c-8ccd-4f37ddacfe01",
            "isHook": true,
            "skipped": false
          },
          {
            "title": "\"before all\" hook: BeforeSuite",
            "fullTitle": "CC Pay Bubble Acceptance Tests \"before all\" hook: BeforeSuite",
            "timedOut": false,
            "duration": 7057,
            "pass": false,
            "fail": false,
            "pending": false,
            "code": "I.amOnPage('/');\nI.wait(CCPBATConstants.twoSecondWaitTime);\nI.resizeWindow(CCPBATConstants.windowsSizeX, CCPBATConstants.windowsSizeY);",
            "err": {},
            "isRoot": false,
            "uuid": "c689d066-91c3-404a-aa97-14fd7d31bc7f",
            "isHook": true,
            "skipped": false
          },
          {
            "title": "\"before each\" hook: codeceptjs.before",
            "fullTitle": "CC Pay Bubble Acceptance Tests \"before each\" hook: codeceptjs.before",
            "timedOut": false,
            "duration": 1,
            "pass": false,
            "fail": false,
            "pending": false,
            "code": "scenario.setup(suite)",
            "err": {},
            "isRoot": false,
            "uuid": "62e3e847-ad62-43fe-ae58-9ea43935a1f0",
            "isHook": true,
            "skipped": false
          }
        ],
        "afterHooks": [
          {
            "title": "\"after all\" hook: codeceptjs.afterSuite",
            "fullTitle": "CC Pay Bubble Acceptance Tests \"after all\" hook: codeceptjs.afterSuite",
            "timedOut": false,
            "duration": 1,
            "pass": false,
            "fail": false,
            "pending": false,
            "code": "scenario.suiteTeardown(suite)",
            "err": {},
            "isRoot": false,
            "uuid": "e96aa99f-d6b8-4819-b28a-94b613897156",
            "isHook": true,
            "skipped": false
          },
          {
            "title": "\"after each\" hook: finalize codeceptjs",
            "fullTitle": "CC Pay Bubble Acceptance Tests \"after each\" hook: finalize codeceptjs",
            "timedOut": false,
            "duration": 0,
            "pass": false,
            "fail": false,
            "pending": false,
            "code": "scenario.teardown(suite)",
            "err": {},
            "isRoot": false,
            "uuid": "aab6f151-8a98-4eff-a538-0d424c3e33ae",
            "isHook": true,
            "skipped": false
          }
        ],
        "tests": [
          {
            "title": "Probate: One fee and one full payment flow",
            "fullTitle": "CC Pay Bubble Acceptance Tests: Probate: One fee and one full payment flow",
            "timedOut": false,
            "duration": 59959,
            "state": "passed",
            "speed": "slow",
            "pass": true,
            "fail": false,
            "pending": false,
            "code": "I.login('robreallywantsccdaccess@mailinator.com', 'Testing1234');\nI.waitForText('Search for a case', CCPBATConstants.tenSecondWaitTime);\nI.see('Search for a case');\nI.see('Search');\nI.see('Case Transaction');\nI.see('Payment history');\nI.onefeeforpayment2();\nI.clickCaseTransaction();",
            "err": {},
            "isRoot": false,
            "uuid": "254cabab-88d8-48a3-af70-aa3aaa50da38",
            "isHook": false,
            "skipped": false
          },
          {
            "title": "Probate: multiple fees and one full payment flow",
            "fullTitle": "CC Pay Bubble Acceptance Tests: Probate: multiple fees and one full payment flow",
            "timedOut": false,
            "duration": 78188,
            "state": "passed",
            "speed": "slow",
            "pass": true,
            "fail": false,
            "pending": false,
            "code": "I.multiplefeesforpayment2();\nI.clickCaseTransaction();",
            "err": {},
            "isRoot": false,
            "uuid": "f15cd4d6-e867-4302-8699-0129a60b7212",
            "isHook": false,
            "skipped": false
          },
          {
            "title": "Probate: partial remission for one fee for one payment",
            "fullTitle": "CC Pay Bubble Acceptance Tests: Probate: partial remission for one fee for one payment",
            "timedOut": false,
            "duration": 78477,
            "state": "passed",
            "speed": "slow",
            "pass": true,
            "fail": false,
            "pending": false,
            "code": "I.partialremissionforonefeeforpayment2();\nI.clickCaseTransaction();",
            "err": {},
            "isRoot": false,
            "uuid": "4c34ebdb-a903-4ae1-b5ac-42e809ceb77b",
            "isHook": false,
            "skipped": false
          }
        ],
        "suites": [],
        "passes": [
          "254cabab-88d8-48a3-af70-aa3aaa50da38",
          "f15cd4d6-e867-4302-8699-0129a60b7212",
          "4c34ebdb-a903-4ae1-b5ac-42e809ceb77b"
        ],
        "failures": [],
        "pending": [],
        "skipped": [],
        "duration": 216624,
        "root": false,
        "rootEmpty": false,
        "_timeout": 0
      },
      {
        "uuid": "f22c088c-1d0e-40f0-8152-bed7dee26899",
        "title": "CC Pay Bubble Acceptance Tests",
        "fullFile": "/Users/krishnakishorenuthalapati/mutation/ccpay-bubble/acceptance-tests/test/end-to-end/tests/CCPB_SearchCaseWithCCD_test.js",
        "file": "/acceptance-tests/test/end-to-end/tests/CCPB_SearchCaseWithCCD_test.js",
        "beforeHooks": [
          {
            "title": "\"before all\" hook: codeceptjs.beforeSuite",
            "fullTitle": "CC Pay Bubble Acceptance Tests \"before all\" hook: codeceptjs.beforeSuite",
            "timedOut": false,
            "duration": 0,
            "pass": false,
            "fail": false,
            "pending": false,
            "code": "scenario.suiteSetup(suite)",
            "err": {},
            "isRoot": false,
            "uuid": "64c6332d-aada-4d1d-9233-9951fe7c56cd",
            "isHook": true,
            "skipped": false
          },
          {
            "title": "\"before all\" hook: BeforeSuite",
            "fullTitle": "CC Pay Bubble Acceptance Tests \"before all\" hook: BeforeSuite",
            "timedOut": false,
            "duration": 7345,
            "pass": false,
            "fail": false,
            "pending": false,
            "code": "I.amOnPage('/');\nI.wait(CCPBATConstants.twoSecondWaitTime);\nI.resizeWindow(CCPBATConstants.windowsSizeX, CCPBATConstants.windowsSizeY);",
            "err": {},
            "isRoot": false,
            "uuid": "c977e6bc-7736-4b0e-8622-46711dead3f3",
            "isHook": true,
            "skipped": false
          },
          {
            "title": "\"before each\" hook: codeceptjs.before",
            "fullTitle": "CC Pay Bubble Acceptance Tests \"before each\" hook: codeceptjs.before",
            "timedOut": false,
            "duration": 0,
            "pass": false,
            "fail": false,
            "pending": false,
            "code": "scenario.setup(suite)",
            "err": {},
            "isRoot": false,
            "uuid": "0e0be5af-8245-4e92-9750-50f3c4a7c9ce",
            "isHook": true,
            "skipped": false
          }
        ],
        "afterHooks": [
          {
            "title": "\"after all\" hook: codeceptjs.afterSuite",
            "fullTitle": "CC Pay Bubble Acceptance Tests \"after all\" hook: codeceptjs.afterSuite",
            "timedOut": false,
            "duration": 0,
            "pass": false,
            "fail": false,
            "pending": false,
            "code": "scenario.suiteTeardown(suite)",
            "err": {},
            "isRoot": false,
            "uuid": "0ae8f9ad-74d7-4226-b898-2b74408a2cb0",
            "isHook": true,
            "skipped": false
          },
          {
            "title": "\"after each\" hook: finalize codeceptjs",
            "fullTitle": "CC Pay Bubble Acceptance Tests \"after each\" hook: finalize codeceptjs",
            "timedOut": false,
            "duration": 0,
            "pass": false,
            "fail": false,
            "pending": false,
            "code": "scenario.teardown(suite)",
            "err": {},
            "isRoot": false,
            "uuid": "558dd247-2c6e-4670-80c8-46ac8b629062",
            "isHook": true,
            "skipped": false
          }
        ],
        "tests": [
          {
            "title": "Search case with CCD paybubble flow",
            "fullTitle": "CC Pay Bubble Acceptance Tests: Search case with CCD paybubble flow",
            "timedOut": false,
            "duration": 164464,
            "state": "failed",
            "pass": false,
            "fail": true,
            "pending": false,
            "context": "\"Search_cas_53514d10-b7dc-48f2-8991-103b2aa12e8b.failed.png\"",
            "code": "I.login('robreallywantsccdaccess@mailinator.com', 'Testing1234');\nI.wait(CCPBATConstants.tenSecondWaitTime);\nI.waitForText('Search for a case', CCPBATConstants.tenSecondWaitTime);\nI.see('Search for a case');\nI.see('Search');\nI.see('Case Transaction');\nI.see('Payment history');\nI.searchForCCDdummydata();\nI.Logout1();",
            "err": {
              "message": "Error: element (#username) still not present on page after 40 sec\nwaiting for selector \"#username\" failed: timeout 40000ms exceeded",
              "estack": "element (#username) still not present on page after 40 sec\nwaiting for selector \"#username\" failed: timeout 40000ms exceeded\n\nScenario Steps:\n\n- I.waitForElement(\"#username\", 40) at Object.login (acceptance-tests/test/end-to-end/pages/steps_file.js:37:49)\n- I.amOnPage(\"/\") at Object.login (acceptance-tests/test/end-to-end/pages/steps_file.js:36:10)\n\n"
            },
            "isRoot": false,
            "uuid": "53514d10-b7dc-48f2-8991-103b2aa12e8b",
            "isHook": false,
            "skipped": false
          },
          {
            "title": "Search case with CCD paybubble flow",
            "fullTitle": "CC Pay Bubble Acceptance Tests: Search case with CCD paybubble flow",
            "timedOut": false,
            "duration": 0,
            "pass": false,
            "fail": false,
            "pending": false,
            "code": "I.login('robreallywantsccdaccess@mailinator.com', 'Testing1234');\n  I.wait(CCPBATConstants.tenSecondWaitTime);\n  I.waitForText('Search for a case', CCPBATConstants.tenSecondWaitTime);\n  I.see('Search for a case');\n  I.see('Search');\n  I.see('Case Transaction');\n  I.see('Payment history');\n  I.searchForCorrectCCDNumber();\n  I.Logout1();",
            "err": {},
            "isRoot": false,
            "uuid": "9a8335ef-745e-4f6d-949d-03b834370f4d",
            "isHook": false,
            "skipped": true
          }
        ],
        "suites": [],
        "passes": [],
        "failures": [
          "53514d10-b7dc-48f2-8991-103b2aa12e8b"
        ],
        "pending": [],
        "skipped": [
          "9a8335ef-745e-4f6d-949d-03b834370f4d"
        ],
        "duration": 164464,
        "root": false,
        "rootEmpty": false,
        "_timeout": 0
      }
    ],
    "passes": [],
    "failures": [],
    "pending": [],
    "skipped": [],
    "duration": 0,
    "root": true,
    "rootEmpty": true,
    "_timeout": 0
  },
  "copyrightYear": 2020
}